2026-06-09 15:22:31 [INFO] === Dify Backend Auto ===
2026-06-09 15:22:31 [INFO] Thu muc theo doi : e:/Dify/data_dangkiemViet
2026-06-09 15:22:31 [INFO] Dataset ID       : 03ddf0ae-3565-4960-b3cb-54b39de3f6cc
2026-06-09 15:22:31 [INFO] Che do           : QUET 1 LAN
2026-06-09 15:22:31 [INFO] Bat dau quet: e:/Dify/data_dangkiemViet
2026-06-09 15:22:32 [INFO]   [OK] day thanh cong: 9b9be834-5260-4135-a01b-260e6ef8d60e.pdf (doc_id=2d56d531-eb7d-4bf2-94a7-e1981cf10b94)
2026-06-09 15:22:33 [INFO]   [OK] day thanh cong: Thong tu 71_2025_TT-BXD (sua nhieu Thong tu).pdf (doc_id=2242af45-76c7-4e53-9620-654c68aa182e)
2026-06-09 15:22:33 [INFO] Ket thuc quet: tong=2, moi=2, bo qua=0, loi=0
2026-06-09 15:22:33 [INFO] Tong ket DB: {'success': 2}
2026-06-09 15:25:08 [INFO] === Dify Backend Auto ===
2026-06-09 15:25:08 [INFO] Thu muc theo doi : e:/Dify/data_dangkiemViet
2026-06-09 15:25:08 [INFO] Dataset ID       : 03ddf0ae-3565-4960-b3cb-54b39de3f6cc
2026-06-09 15:25:08 [INFO] Che do           : QUET 1 LAN
2026-06-09 15:25:08 [INFO] Bat dau quet: e:/Dify/data_dangkiemViet
2026-06-09 15:25:08 [INFO] Ket thuc quet: tong=2, moi=0, bo qua=2, loi=0
2026-06-09 15:25:08 [INFO] Tong ket DB: {'success': 2}
2026-06-09 15:31:54 [INFO] === Dify Backend Auto ===
2026-06-09 15:31:54 [INFO] Thu muc theo doi : e:/Dify/data_dangkiemViet
2026-06-09 15:31:54 [INFO] Dataset ID       : 03ddf0ae-3565-4960-b3cb-54b39de3f6cc
2026-06-09 15:31:54 [INFO] Che do           : QUET 1 LAN
2026-06-09 15:31:54 [INFO] Bat dau quet: e:/Dify/data_dangkiemViet
2026-06-09 15:31:55 [INFO]   [OK] day thanh cong: 9b9be834-5260-4135-a01b-260e6ef8d60e.pdf (doc_id=5a3a9a34-0677-4e2b-a317-9d0880493a19)
2026-06-09 15:31:55 [INFO]   [OK] day thanh cong: Thong tu 71_2025_TT-BXD (sua nhieu Thong tu).pdf (doc_id=baddc683-7036-498c-8741-170108477230)
2026-06-09 15:31:55 [INFO] Ket thuc quet: tong=2, moi=2, bo qua=0, loi=0
2026-06-09 15:31:55 [INFO] Tong ket DB: {'success': 2}
2026-06-09 15:34:36 [INFO] === Dify Backend Auto ===
2026-06-09 15:34:36 [INFO] Thu muc theo doi : e:/Dify/data_dangkiemViet
2026-06-09 15:34:36 [INFO] Dataset ID       : 03ddf0ae-3565-4960-b3cb-54b39de3f6cc
2026-06-09 15:34:36 [INFO] Che do           : QUET 1 LAN
2026-06-09 15:34:36 [INFO] Bat dau quet: e:/Dify/data_dangkiemViet
2026-06-09 15:34:37 [INFO]   [OK] day thanh cong: 02-bgtvt-1.pdf (doc_id=cb695026-5d53-491c-8065-1b884362e9cc)
2026-06-09 15:34:37 [INFO]   [OK] day thanh cong: 02-bgtvt-4.pdf (doc_id=0d3acdf2-285a-45e3-ac34-0aba67fea396)
2026-06-09 15:34:38 [INFO]   [OK] day thanh cong: thong-tu-47.pdf (doc_id=324435d5-6f32-4151-950e-f768ead03edc)
2026-06-09 15:34:38 [INFO]   [OK] day thanh cong: tt-16-2021bgtvt.pdf.pdf (doc_id=34eb1151-f48c-4a07-aa6a-dc334c5686f6)
2026-06-09 15:34:38 [INFO] Ket thuc quet: tong=6, moi=4, bo qua=2, loi=0
2026-06-09 15:34:38 [INFO] Tong ket DB: {'success': 6}
2026-06-09 15:38:32 [INFO] === Dify Backend Auto ===
2026-06-09 15:38:32 [INFO] Thu muc theo doi : e:/Dify/data_dangkiemViet
2026-06-09 15:38:32 [INFO] Dataset ID       : 03ddf0ae-3565-4960-b3cb-54b39de3f6cc
2026-06-09 15:38:32 [INFO] Che do           : QUET 1 LAN
2026-06-09 15:38:32 [INFO] Bat dau quet: e:/Dify/data_dangkiemViet
2026-06-09 15:38:33 [INFO]   [OK] day thanh cong: 02-bgtvt-5.pdf (doc_id=51a9ae4a-771b-43be-9cd1-f8bc662ea7a3)
2026-06-09 15:38:33 [INFO] Ket thuc quet: tong=7, moi=1, bo qua=6, loi=0
2026-06-09 15:38:33 [INFO] Tong ket DB: {'success': 7}
2026-06-09 22:02:43 [INFO] === Dify Backend Auto ===
2026-06-09 22:02:43 [INFO] Thu muc theo doi : e:/Dify/data_dangkiemViet
2026-06-09 22:02:43 [INFO] Dataset ID       : 03ddf0ae-3565-4960-b3cb-54b39de3f6cc
2026-06-09 22:02:43 [INFO] Che do           : QUET 1 LAN
2026-06-09 22:02:43 [INFO] Bat dau quet: e:/Dify/data_dangkiemViet
2026-06-09 22:02:44 [INFO]   [OK] day thanh cong: 9b9be834-5260-4135-a01b-260e6ef8d60e.pdf (doc_id=b555865a-68e3-4e40-8abc-6e12caaec399)
2026-06-09 22:02:44 [INFO] Ket thuc quet: tong=7, moi=1, bo qua=6, loi=0
2026-06-09 22:02:44 [INFO] Tong ket DB: {'success': 7}
2026-06-10 14:34:05 [INFO] === Dify Backend Auto ===
2026-06-10 14:34:05 [INFO] Thu muc theo doi : e:/Dify/data_dangkiemViet
2026-06-10 14:34:05 [INFO] Dataset ID       : 03ddf0ae-3565-4960-b3cb-54b39de3f6cc
2026-06-10 14:34:05 [INFO] Che do           : QUET 1 LAN
2026-06-10 14:34:05 [INFO] Bat dau quet: e:/Dify/data_dangkiemViet
2026-06-10 14:34:06 [INFO]   [OK] day thanh cong: scansmpl.pdf (doc_id=d06a4526-ce95-446c-8192-1543f147f136)
2026-06-10 14:34:06 [INFO] Ket thuc quet: tong=8, moi=1, bo qua=7, loi=0
2026-06-10 14:34:06 [INFO] Tong ket DB: {'success': 8}
2026-06-10 15:03:14 [INFO] === Dify Backend Auto ===
2026-06-10 15:03:14 [INFO] Thu muc theo doi : e:/Dify/data_dangkiemViet
2026-06-10 15:03:14 [INFO] Dataset ID       : 03ddf0ae-3565-4960-b3cb-54b39de3f6cc
2026-06-10 15:03:14 [INFO] Che do           : QUET 1 LAN
2026-06-10 15:03:14 [INFO] Bat dau quet: e:/Dify/data_dangkiemViet
2026-06-10 15:03:14 [INFO]   [OCR] PDF scan, dang OCR tieng Viet: scansmpl.pdf
2026-06-10 15:03:14 [INFO] pikepdf C++ to Python logger bridge initialized
2026-06-10 15:03:17 [INFO] Parsing 1 pages with HocrParser
2026-06-10 15:03:17 [INFO] maxp pruned
2026-06-10 15:03:17 [INFO] cmap pruned
2026-06-10 15:03:17 [INFO] post pruned
2026-06-10 15:03:17 [INFO] GDEF dropped
2026-06-10 15:03:17 [INFO] GPOS dropped
2026-06-10 15:03:17 [INFO] GSUB dropped
2026-06-10 15:03:17 [INFO] glyf pruned
2026-06-10 15:03:17 [INFO] Added gid0 to subset
2026-06-10 15:03:17 [INFO] Added first four glyphs to subset
2026-06-10 15:03:17 [INFO] Closing glyph list over 'glyf': 68 glyphs before
2026-06-10 15:03:17 [INFO] Glyph names: ['.notdef', 'A', 'B', 'C', 'CR', 'D', 'E', 'F', 'G', 'H', 'I', 'J', 'L', 'M', 'N', 'NULL', 'O', 'P', 'R', 'S', 'T', 'V', 'X', 'Y', 'a', 'asciitilde', 'b', 'c', 'colon', 'comma', 'd', 'e', 'eight', 'f', 'f_f_i', 'five', 'four', 'g', 'h', 'hyphen', 'i', 'j', 'k', 'l', 'm', 'n', 'nine', 'o', 'one', 'p', 'parenleft', 'parenright', 'period', 'r', 's', 'seven', 'six', 'slash', 'space', 't', 'three', 'two', 'u', 'v', 'w', 'x', 'y', 'zero']
2026-06-10 15:03:17 [INFO] Glyph IDs:   [0, 1, 2, 3, 11, 12, 15, 16, 17, 18, 19, 20, 21, 22, 23, 24, 25, 26, 27, 28, 29, 36, 37, 38, 39, 40, 41, 42, 43, 44, 45, 47, 48, 49, 50, 51, 53, 54, 55, 57, 59, 60, 68, 69, 70, 71, 72, 73, 74, 75, 76, 77, 78, 79, 80, 81, 82, 83, 85, 86, 87, 88, 89, 90, 91, 92, 97, 1654]
2026-06-10 15:03:17 [INFO] Closed glyph list over 'glyf': 68 glyphs after
2026-06-10 15:03:17 [INFO] Glyph names: ['.notdef', 'A', 'B', 'C', 'CR', 'D', 'E', 'F', 'G', 'H', 'I', 'J', 'L', 'M', 'N', 'NULL', 'O', 'P', 'R', 'S', 'T', 'V', 'X', 'Y', 'a', 'asciitilde', 'b', 'c', 'colon', 'comma', 'd', 'e', 'eight', 'f', 'f_f_i', 'five', 'four', 'g', 'h', 'hyphen', 'i', 'j', 'k', 'l', 'm', 'n', 'nine', 'o', 'one', 'p', 'parenleft', 'parenright', 'period', 'r', 's', 'seven', 'six', 'slash', 'space', 't', 'three', 'two', 'u', 'v', 'w', 'x', 'y', 'zero']
2026-06-10 15:03:17 [INFO] Glyph IDs:   [0, 1, 2, 3, 11, 12, 15, 16, 17, 18, 19, 20, 21, 22, 23, 24, 25, 26, 27, 28, 29, 36, 37, 38, 39, 40, 41, 42, 43, 44, 45, 47, 48, 49, 50, 51, 53, 54, 55, 57, 59, 60, 68, 69, 70, 71, 72, 73, 74, 75, 76, 77, 78, 79, 80, 81, 82, 83, 85, 86, 87, 88, 89, 90, 91, 92, 97, 1654]
2026-06-10 15:03:17 [INFO] Retaining 68 glyphs
2026-06-10 15:03:17 [INFO] head subsetting not needed
2026-06-10 15:03:17 [INFO] hhea subsetting not needed
2026-06-10 15:03:17 [INFO] maxp subsetting not needed
2026-06-10 15:03:17 [INFO] OS/2 subsetting not needed
2026-06-10 15:03:17 [INFO] hmtx subsetted
2026-06-10 15:03:17 [INFO] cmap subsetted
2026-06-10 15:03:17 [INFO] prep subsetting not needed
2026-06-10 15:03:17 [INFO] loca subsetting not needed
2026-06-10 15:03:17 [INFO] post subsetted
2026-06-10 15:03:17 [INFO] gasp subsetting not needed
2026-06-10 15:03:17 [INFO] name subsetting not needed
2026-06-10 15:03:17 [INFO] glyf subsetted
2026-06-10 15:03:17 [INFO] head pruned
2026-06-10 15:03:17 [INFO] OS/2 Unicode ranges pruned: [0, 38, 62]
2026-06-10 15:03:17 [INFO] OS/2 CodePage ranges pruned: [0]
2026-06-10 15:03:17 [INFO] glyf pruned
2026-06-10 15:03:17 [INFO] name pruned
2026-06-10 15:03:17 [INFO] Postprocessing...
2026-06-10 15:03:17 [INFO] Auto mode: passing through as PDF/A (input already compliant)
2026-06-10 15:03:17 [INFO] Image optimization ratio: 1.00 savings: 0.0%
2026-06-10 15:03:17 [INFO] Total file size ratio: 0.41 savings: -141.4%
2026-06-10 15:03:17 [INFO] Output file is a PDF (auto mode)
2026-06-10 15:03:18 [INFO]   [OK] day thanh cong: scansmpl.pdf (doc_id=df445ec6-474f-4fb7-824a-d4a9f21ba436)
2026-06-10 15:03:18 [INFO]   [OK] day thanh cong: 9b9be834-5260-4135-a01b-260e6ef8d60e.pdf (doc_id=b555865a-68e3-4e40-8abc-6e12caaec399)
2026-06-10 15:03:18 [INFO] Ket thuc quet: tong=8, moi=2, bo qua=6, loi=0
2026-06-10 15:03:18 [INFO] Tong ket DB: {'success': 8}
